<?xml version="1.0" encoding="UTF-8"?><testsuite name="nosetests" tests="6" errors="2" failures="1" skip="1"><testcase classname="test_xunit_as_suite.TestForXunit" name="test_error" time="0.002"><error type="exceptions.TypeError" message="oops, wrong type"><![CDATA[Traceback (most recent call last):
  File "/usr/lib/python2.7/unittest/case.py", line 327, in run
    testMethod()
  File "/home/jpellerin/code/nose-gh/functional_tests/support/xunit/test_xunit_as_suite.py", line 15, in test_error
    raise TypeError("oops, wrong type")
TypeError: oops, wrong type
]]></error></testcase><testcase classname="test_xunit_as_suite.TestForXunit" name="test_fail" time="0.000"><failure type="exceptions.AssertionError" message="'this' != 'that'"><![CDATA[Traceback (most recent call last):
  File "/usr/lib/python2.7/unittest/case.py", line 327, in run
    testMethod()
  File "/home/jpellerin/code/nose-gh/functional_tests/support/xunit/test_xunit_as_suite.py", line 12, in test_fail
    self.assertEqual("this","that")
  File "/usr/lib/python2.7/unittest/case.py", line 511, in assertEqual
    assertion_func(first, second, msg=msg)
  File "/usr/lib/python2.7/unittest/case.py", line 504, in _baseAssertEqual
    raise self.failureException(msg)
AssertionError: 'this' != 'that'
]]></failure></testcase><testcase classname="test_xunit_as_suite.TestForXunit" name="test_non_ascii_error" time="0.000"><error type="exceptions.Exception" message="日本"><![CDATA[Traceback (most recent call last):
  File "/usr/lib/python2.7/unittest/case.py", line 327, in run
    testMethod()
  File "/home/jpellerin/code/nose-gh/functional_tests/support/xunit/test_xunit_as_suite.py", line 18, in test_non_ascii_error
    raise Exception(u"日本")
Exception: \u65e5\u672c
]]></error></testcase><testcase classname="test_xunit_as_suite.TestForXunit" name="test_output" time="0.000" /><testcase classname="test_xunit_as_suite.TestForXunit" name="test_skip" time="0.000"><skipped type="unittest.case.SkipTest" message="skipit"><![CDATA[SkipTest: skipit
]]></skipped></testcase><testcase classname="test_xunit_as_suite.TestForXunit" name="test_success" time="0.000" /></testsuite>